[35m[Appium][39m Welcome to Appium v1.22.0
[35m[Appium][39m Non-default server args:
[35m[Appium][39m   port: 57021
[35m[Appium][39m   loglevel: info
[35m[Appium][39m   tmpDir: /var/folders/5k/yfqkm2nj17l9q47q322x5sq80000gn/T//Katalon/Appium/Temp1639541026284
[35m[Appium][39m   chromedriverPort: 57022
[35m[Appium][39m Deprecated server args:
[35m[Appium][39m   [31m--chromedriver-port[39m => --default-capabilities
[35m[Appium][39m Default capabilities, which will be added to each request unless overridden by desired capabilities:
[35m[Appium][39m   chromedriverPort: 57022
[35m[Appium][39m Appium REST http interface listener started on 0.0.0.0:57021
[35m[HTTP][39m [37m-->[39m [37mGET[39m [37m/wd/hub/status[39m
[35m[HTTP][39m [90m{}[39m
[35m[HTTP][39m [37m<-- GET /wd/hub/status [39m[32m200[39m [90m3 ms - 68[39m
[35m[HTTP][39m [90m[39m
[35m[HTTP][39m [37m-->[39m [37mGET[39m [37m/wd/hub/status[39m
[35m[HTTP][39m [90m{}[39m
[35m[HTTP][39m [37m<-- GET /wd/hub/status [39m[32m200[39m [90m1 ms - 68[39m
[35m[HTTP][39m [90m[39m
[35m[HTTP][39m [37m-->[39m [37mPOST[39m [37m/wd/hub/session[39m
[35m[HTTP][39m [90m{"desiredCapabilities":{"app":"/Users/kb-fmf-kpm/Downloads/ECommerce -SAMPLE-Android.apk","noReset":true,"deviceName":"samsung SM-G770F (Android 10)","fullReset":false,"platform":"ANDROID","newCommandTimeout":1800,"platformVersion":"10","automationName":"uiautomator2","autoGrantPermissions":true,"platformName":"Android","udid":"RR8N204HASH","systemPort":57030},"capabilities":{"firstMatch":[{"appium:app":"/Users/kb-fmf-kpm/Downloads/ECommerce -SAMPLE-Android.apk","appium:autoGrantPermissions":true,"appium:automationName":"uiautomator2","appium:deviceName":"samsung SM-G770F (Android 10)","appium:fullReset":false,"appium:newCommandTimeout":1800,"appium:noReset":true,"platform":"ANDROID","platformName":"android","appium:platformVersion":"10","appium:systemPort":57030,"appium:udid":"RR8N204HASH"}]}}[39m
[35m[BaseDriver][39m The following capabilities are not standard capabilities and should have an extension prefix:
[35m[BaseDriver][39m   platform
[35m[BaseDriver][39m   chromedriverPort
[35m[Appium][39m Appium v1.22.0 creating new AndroidUiautomator2Driver (v1.69.0) session
[35m[BaseDriver][39m The following capabilities were provided, but are not recognized by Appium:
[35m[BaseDriver][39m   platform
[35m[BaseDriver][39m Session created with session id: 8e25f4a4-acdc-44cd-b370-6b15cbb2b8dc
[35m[BaseDriver][39m Using local app '/Users/kb-fmf-kpm/Downloads/ECommerce -SAMPLE-Android.apk'
[35m[ADB][39m Found 1 'build-tools' folders under '/Users/kb-fmf-kpm/.katalon/tools/android_sdk' (newest first):
[35m[ADB][39m     /Users/kb-fmf-kpm/.katalon/tools/android_sdk/build-tools/29.0.3
[35m[ADB][39m Using 'adb' from '/Users/kb-fmf-kpm/.katalon/tools/android_sdk/platform-tools/adb'
[35m[AndroidDriver][39m Retrieving device list
[35m[AndroidDriver][39m Using device: RR8N204HASH
[35m[ADB][39m Using 'adb' from '/Users/kb-fmf-kpm/.katalon/tools/android_sdk/platform-tools/adb'
[35m[ADB][39m Getting device platform version
[35m[UiAutomator2][39m Relaxing hidden api policy
[35m[ADB][39m Package name: 'com.solodroid.solomerce'
[35m[ADB][39m Main activity name: 'com.solodroid.solomerce.activities.ActivitySplash'
[35m[ADB][39m Using 'apksigner.jar' from '/Users/kb-fmf-kpm/.katalon/tools/android_sdk/build-tools/29.0.3/lib/apksigner.jar'
[35m[ADB][39m '/opt/homebrew/lib/node_modules/appium/node_modules/appium-uiautomator2-server/apks/appium-uiautomator2-server-v4.24.0.apk' is signed with the default certificate
[35m[ADB][39m '/opt/homebrew/lib/node_modules/appium/node_modules/appium-uiautomator2-server/apks/appium-uiautomator2-server-debug-androidTest.apk' is signed with the default certificate
[35m[UiAutomator2][39m Server packages are not going to be (re)installed
[35m[ADB][39m Adding packages ["io.appium.settings","io.appium.uiautomator2.server","io.appium.uiautomator2.server.test"] to Doze whitelist
[35m[ADB][39m '/Users/kb-fmf-kpm/Downloads/ECommerce -SAMPLE-Android.apk' is signed with a non-default certificate
[35m[UiAutomator2][39m Starting UIAutomator2 server 4.24.0
[35m[UiAutomator2][39m Using UIAutomator2 server from '/opt/homebrew/lib/node_modules/appium/node_modules/appium-uiautomator2-server/apks/appium-uiautomator2-server-v4.24.0.apk' and test from '/opt/homebrew/lib/node_modules/appium/node_modules/appium-uiautomator2-server/apks/appium-uiautomator2-server-debug-androidTest.apk'
[35m[UiAutomator2][39m Waiting up to 30000ms for UiAutomator2 to be online...
[35m[WD Proxy][39m socket hang up
[35m[WD Proxy][39m socket hang up
[35m[WD Proxy][39m Determined the downstream protocol as 'W3C'
[35m[AndroidDriver][39m Screen already unlocked, doing nothing
[35m[UiAutomator2][39m Starting 'com.solodroid.solomerce/com.solodroid.solomerce.activities.ActivitySplash and waiting for 'com.solodroid.solomerce/com.solodroid.solomerce.activities.ActivitySplash'
[35m[Appium][39m New AndroidUiautomator2Driver session created successfully, session 8e25f4a4-acdc-44cd-b370-6b15cbb2b8dc added to master session list
[35m[HTTP][39m [37m<-- POST /wd/hub/session [39m[32m200[39m [90m6968 ms - 1273[39m
[35m[HTTP][39m [90m[39m
[35m[HTTP][39m [37m-->[39m [37mGET[39m [37m/wd/hub/session/8e25f4a4-acdc-44cd-b370-6b15cbb2b8dc[39m
[35m[HTTP][39m [90m{}[39m
[35m[HTTP][39m [37m<-- GET /wd/hub/session/8e25f4a4-acdc-44cd-b370-6b15cbb2b8dc [39m[32m200[39m [90m6 ms - 1227[39m
[35m[HTTP][39m [90m[39m
[35m[HTTP][39m [37m-->[39m [37mGET[39m [37m/wd/hub/session/8e25f4a4-acdc-44cd-b370-6b15cbb2b8dc[39m
[35m[HTTP][39m [90m{}[39m
[35m[HTTP][39m [37m<-- GET /wd/hub/session/8e25f4a4-acdc-44cd-b370-6b15cbb2b8dc [39m[32m200[39m [90m5 ms - 1227[39m
[35m[HTTP][39m [90m[39m
[35m[HTTP][39m [37m-->[39m [37mGET[39m [37m/wd/hub/status[39m
[35m[HTTP][39m [90m{}[39m
[35m[HTTP][39m [37m<-- GET /wd/hub/status [39m[32m200[39m [90m0 ms - 68[39m
[35m[HTTP][39m [90m[39m
[35m[HTTP][39m [37m-->[39m [37mPOST[39m [37m/wd/hub/session/8e25f4a4-acdc-44cd-b370-6b15cbb2b8dc/timeouts[39m
[35m[HTTP][39m [90m{"implicit":60000}[39m
[35m[HTTP][39m [37m<-- POST /wd/hub/session/8e25f4a4-acdc-44cd-b370-6b15cbb2b8dc/timeouts [39m[32m200[39m [90m1 ms - 14[39m
[35m[HTTP][39m [90m[39m
[35m[HTTP][39m [37m-->[39m [37mGET[39m [37m/wd/hub/session/8e25f4a4-acdc-44cd-b370-6b15cbb2b8dc/source[39m
[35m[HTTP][39m [90m{}[39m
[35m[W3C (8e25f4a4)][39m Driver proxy active, passing request on via HTTP proxy
[35m[WD Proxy][39m Replacing sessionId 5b70b770-a9da-45cb-899b-f289e1ecc462 with 8e25f4a4-acdc-44cd-b370-6b15cbb2b8dc
[35m[HTTP][39m [37m<-- GET /wd/hub/session/8e25f4a4-acdc-44cd-b370-6b15cbb2b8dc/source [39m[32m200[39m [90m183 ms - 3679[39m
[35m[HTTP][39m [90m[39m
[35m[HTTP][39m [37m-->[39m [37mGET[39m [37m/wd/hub/session/8e25f4a4-acdc-44cd-b370-6b15cbb2b8dc/screenshot[39m
[35m[HTTP][39m [90m{}[39m
[35m[HTTP][39m [37m<-- GET /wd/hub/session/8e25f4a4-acdc-44cd-b370-6b15cbb2b8dc/screenshot [39m[32m200[39m [90m468 ms - 401964[39m
[35m[HTTP][39m [90m[39m
[35m[HTTP][39m [37m-->[39m [37mGET[39m [37m/wd/hub/session/8e25f4a4-acdc-44cd-b370-6b15cbb2b8dc/source[39m
[35m[HTTP][39m [90m{}[39m
[35m[W3C (8e25f4a4)][39m Driver proxy active, passing request on via HTTP proxy
[35m[WD Proxy][39m Replacing sessionId 5b70b770-a9da-45cb-899b-f289e1ecc462 with 8e25f4a4-acdc-44cd-b370-6b15cbb2b8dc
[35m[HTTP][39m [37m<-- GET /wd/hub/session/8e25f4a4-acdc-44cd-b370-6b15cbb2b8dc/source [39m[32m200[39m [90m276 ms - 34096[39m
[35m[HTTP][39m [90m[39m
[35m[HTTP][39m [37m-->[39m [37mGET[39m [37m/wd/hub/session/8e25f4a4-acdc-44cd-b370-6b15cbb2b8dc/screenshot[39m
[35m[HTTP][39m [90m{}[39m
[35m[HTTP][39m [37m<-- GET /wd/hub/session/8e25f4a4-acdc-44cd-b370-6b15cbb2b8dc/screenshot [39m[32m200[39m [90m1073 ms - 1972958[39m
[35m[HTTP][39m [90m[39m
[35m[HTTP][39m [37m-->[39m [37mPOST[39m [37m/wd/hub/session/8e25f4a4-acdc-44cd-b370-6b15cbb2b8dc/elements[39m
[35m[HTTP][39m [90m{"using":"xpath","value":"//*[@class = 'android.widget.ImageView' and @resource-id = 'com.solodroid.solomerce:id/category_image' and (@text = '' or . = '')]"}[39m
[35m[HTTP][39m [37m<-- POST /wd/hub/session/8e25f4a4-acdc-44cd-b370-6b15cbb2b8dc/elements [39m[32m200[39m [90m7283 ms - 779[39m
[35m[HTTP][39m [90m[39m
[35m[HTTP][39m [37m-->[39m [37mPOST[39m [37m/wd/hub/session/8e25f4a4-acdc-44cd-b370-6b15cbb2b8dc/elements[39m
[35m[HTTP][39m [90m{"using":"id","value":"com.solodroid.solomerce:id/category_image"}[39m
[35m[HTTP][39m [37m<-- POST /wd/hub/session/8e25f4a4-acdc-44cd-b370-6b15cbb2b8dc/elements [39m[32m200[39m [90m420 ms - 779[39m
[35m[HTTP][39m [90m[39m
[35m[HTTP][39m [37m-->[39m [37mPOST[39m [37m/wd/hub/session/8e25f4a4-acdc-44cd-b370-6b15cbb2b8dc/elements[39m
[35m[HTTP][39m [90m{"using":"-android uiautomator","value":"new UiSelector().className(\"android.widget.ImageView\").resourceId(\"com.solodroid.solomerce:id/category_image\")"}[39m
[35m[HTTP][39m [37m<-- POST /wd/hub/session/8e25f4a4-acdc-44cd-b370-6b15cbb2b8dc/elements [39m[32m200[39m [90m260 ms - 779[39m
[35m[HTTP][39m [90m[39m
[35m[HTTP][39m [37m-->[39m [37mGET[39m [37m/wd/hub/session/8e25f4a4-acdc-44cd-b370-6b15cbb2b8dc/window/rect[39m
[35m[HTTP][39m [90m{}[39m
[35m[HTTP][39m [37m<-- GET /wd/hub/session/8e25f4a4-acdc-44cd-b370-6b15cbb2b8dc/window/rect [39m[32m200[39m [90m33 ms - 50[39m
[35m[HTTP][39m [90m[39m
[35m[HTTP][39m [37m-->[39m [37mPOST[39m [37m/wd/hub/session/8e25f4a4-acdc-44cd-b370-6b15cbb2b8dc/elements[39m
[35m[HTTP][39m [90m{"using":"xpath","value":"//hierarchy/android.widget.FrameLayout[1]/android.widget.LinearLayout[1]/android.widget.FrameLayout[1]/android.widget.LinearLayout[1]/android.widget.FrameLayout[1]/android.widget.RelativeLayout[1]/android.view.ViewGroup[1]/android.support.v4.view.ViewPager[1]/android.widget.LinearLayout[1]/android.view.ViewGroup[1]/android.support.v7.widget.RecyclerView[1]/android.widget.FrameLayout[1]/android.widget.RelativeLayout[1]/android.view.ViewGroup[1]/android.widget.ImageView[1]"}[39m
[35m[HTTP][39m [37m<-- POST /wd/hub/session/8e25f4a4-acdc-44cd-b370-6b15cbb2b8dc/elements [39m[32m200[39m [90m150 ms - 139[39m
[35m[HTTP][39m [90m[39m
[35m[HTTP][39m [37m-->[39m [37mGET[39m [37m/wd/hub/session/8e25f4a4-acdc-44cd-b370-6b15cbb2b8dc/element/00000000-0000-0052-ffff-ffff00000098/location[39m
[35m[HTTP][39m [90m{}[39m
[35m[W3C (8e25f4a4)][39m Driver proxy active, passing request on via HTTP proxy
[35m[WD Proxy][39m Replacing sessionId 5b70b770-a9da-45cb-899b-f289e1ecc462 with 8e25f4a4-acdc-44cd-b370-6b15cbb2b8dc
[35m[HTTP][39m [37m<-- GET /wd/hub/session/8e25f4a4-acdc-44cd-b370-6b15cbb2b8dc/element/00000000-0000-0052-ffff-ffff00000098/location [39m[32m200[39m [90m39 ms - 77[39m
[35m[HTTP][39m [90m[39m
[35m[HTTP][39m [37m-->[39m [37mPOST[39m [37m/wd/hub/session/8e25f4a4-acdc-44cd-b370-6b15cbb2b8dc/touch/perform[39m
[35m[HTTP][39m [90m{"actions":[{"action":"tap","options":{"x":1,"y":1,"element":"00000000-0000-0052-ffff-ffff00000098"}}]}[39m
[35m[UiAutomator2][39m calling get location: 00000000-0000-0052-ffff-ffff00000098
[35m[HTTP][39m [37m<-- POST /wd/hub/session/8e25f4a4-acdc-44cd-b370-6b15cbb2b8dc/touch/perform [39m[32m200[39m [90m1320 ms - 14[39m
[35m[HTTP][39m [90m[39m
[35m[HTTP][39m [37m-->[39m [37mGET[39m [37m/wd/hub/session/8e25f4a4-acdc-44cd-b370-6b15cbb2b8dc/source[39m
[35m[HTTP][39m [90m{}[39m
[35m[W3C (8e25f4a4)][39m Driver proxy active, passing request on via HTTP proxy
[35m[WD Proxy][39m Replacing sessionId 5b70b770-a9da-45cb-899b-f289e1ecc462 with 8e25f4a4-acdc-44cd-b370-6b15cbb2b8dc
[35m[HTTP][39m [37m<-- GET /wd/hub/session/8e25f4a4-acdc-44cd-b370-6b15cbb2b8dc/source [39m[32m200[39m [90m150 ms - 17288[39m
[35m[HTTP][39m [90m[39m
[35m[HTTP][39m [37m-->[39m [37mGET[39m [37m/wd/hub/session/8e25f4a4-acdc-44cd-b370-6b15cbb2b8dc/screenshot[39m
[35m[HTTP][39m [90m{}[39m
[35m[HTTP][39m [37m<-- GET /wd/hub/session/8e25f4a4-acdc-44cd-b370-6b15cbb2b8dc/screenshot [39m[32m200[39m [90m914 ms - 1521876[39m
[35m[HTTP][39m [90m[39m
[35m[HTTP][39m [37m-->[39m [37mPOST[39m [37m/wd/hub/session/8e25f4a4-acdc-44cd-b370-6b15cbb2b8dc/elements[39m
[35m[HTTP][39m [90m{"using":"xpath","value":"//*[@class = 'android.widget.Button' and (@text = 'ADD TO CART' or . = 'ADD TO CART') and @resource-id = 'com.solodroid.solomerce:id/btn_add_cart']"}[39m
[35m[HTTP][39m [37m<-- POST /wd/hub/session/8e25f4a4-acdc-44cd-b370-6b15cbb2b8dc/elements [39m[32m200[39m [90m47 ms - 139[39m
[35m[HTTP][39m [90m[39m
[35m[HTTP][39m [37m-->[39m [37mGET[39m [37m/wd/hub/session/8e25f4a4-acdc-44cd-b370-6b15cbb2b8dc/window/rect[39m
[35m[HTTP][39m [90m{}[39m
[35m[HTTP][39m [37m<-- GET /wd/hub/session/8e25f4a4-acdc-44cd-b370-6b15cbb2b8dc/window/rect [39m[32m200[39m [90m20 ms - 50[39m
[35m[HTTP][39m [90m[39m
[35m[HTTP][39m [37m-->[39m [37mPOST[39m [37m/wd/hub/session/8e25f4a4-acdc-44cd-b370-6b15cbb2b8dc/elements[39m
[35m[HTTP][39m [90m{"using":"xpath","value":"//*[@class = 'android.widget.Button' and (@text = 'ADD TO CART' or . = 'ADD TO CART') and @resource-id = 'com.solodroid.solomerce:id/btn_add_cart']"}[39m
[35m[HTTP][39m [37m<-- POST /wd/hub/session/8e25f4a4-acdc-44cd-b370-6b15cbb2b8dc/elements [39m[32m200[39m [90m78 ms - 139[39m
[35m[HTTP][39m [90m[39m
[35m[HTTP][39m [37m-->[39m [37mGET[39m [37m/wd/hub/session/8e25f4a4-acdc-44cd-b370-6b15cbb2b8dc/element/00000000-0000-0054-ffff-ffff00000100/location[39m
[35m[HTTP][39m [90m{}[39m
[35m[W3C (8e25f4a4)][39m Driver proxy active, passing request on via HTTP proxy
[35m[WD Proxy][39m Replacing sessionId 5b70b770-a9da-45cb-899b-f289e1ecc462 with 8e25f4a4-acdc-44cd-b370-6b15cbb2b8dc
[35m[HTTP][39m [37m<-- GET /wd/hub/session/8e25f4a4-acdc-44cd-b370-6b15cbb2b8dc/element/00000000-0000-0054-ffff-ffff00000100/location [39m[32m200[39m [90m16 ms - 77[39m
[35m[HTTP][39m [90m[39m
[35m[HTTP][39m [37m-->[39m [37mPOST[39m [37m/wd/hub/session/8e25f4a4-acdc-44cd-b370-6b15cbb2b8dc/touch/perform[39m
[35m[HTTP][39m [90m{"actions":[{"action":"tap","options":{"x":1,"y":1,"element":"00000000-0000-0054-ffff-ffff00000100"}}]}[39m
[35m[UiAutomator2][39m calling get location: 00000000-0000-0054-ffff-ffff00000100
[35m[HTTP][39m [37m<-- POST /wd/hub/session/8e25f4a4-acdc-44cd-b370-6b15cbb2b8dc/touch/perform [39m[32m200[39m [90m176 ms - 14[39m
[35m[HTTP][39m [90m[39m
[35m[HTTP][39m [37m-->[39m [37mGET[39m [37m/wd/hub/session/8e25f4a4-acdc-44cd-b370-6b15cbb2b8dc/source[39m
[35m[HTTP][39m [90m{}[39m
[35m[W3C (8e25f4a4)][39m Driver proxy active, passing request on via HTTP proxy
[35m[WD Proxy][39m Replacing sessionId 5b70b770-a9da-45cb-899b-f289e1ecc462 with 8e25f4a4-acdc-44cd-b370-6b15cbb2b8dc
[35m[HTTP][39m [37m<-- GET /wd/hub/session/8e25f4a4-acdc-44cd-b370-6b15cbb2b8dc/source [39m[32m200[39m [90m407 ms - 6051[39m
[35m[HTTP][39m [90m[39m
[35m[HTTP][39m [37m-->[39m [37mGET[39m [37m/wd/hub/session/8e25f4a4-acdc-44cd-b370-6b15cbb2b8dc/screenshot[39m
[35m[HTTP][39m [90m{}[39m
[35m[HTTP][39m [37m<-- GET /wd/hub/session/8e25f4a4-acdc-44cd-b370-6b15cbb2b8dc/screenshot [39m[32m200[39m [90m720 ms - 1008636[39m
[35m[HTTP][39m [90m[39m
[35m[HTTP][39m [37m-->[39m [37mPOST[39m [37m/wd/hub/session/8e25f4a4-acdc-44cd-b370-6b15cbb2b8dc/elements[39m
[35m[HTTP][39m [90m{"using":"xpath","value":"//*[@class = 'android.widget.EditText' and @resource-id = 'com.solodroid.solomerce:id/userInputDialog' and (@text = '' or . = '')]"}[39m
[35m[HTTP][39m [37m<-- POST /wd/hub/session/8e25f4a4-acdc-44cd-b370-6b15cbb2b8dc/elements [39m[32m200[39m [90m91 ms - 139[39m
[35m[HTTP][39m [90m[39m
[35m[HTTP][39m [37m-->[39m [37mGET[39m [37m/wd/hub/session/8e25f4a4-acdc-44cd-b370-6b15cbb2b8dc/window/rect[39m
[35m[HTTP][39m [90m{}[39m
[35m[HTTP][39m [37m<-- GET /wd/hub/session/8e25f4a4-acdc-44cd-b370-6b15cbb2b8dc/window/rect [39m[32m200[39m [90m29 ms - 50[39m
[35m[HTTP][39m [90m[39m
[35m[HTTP][39m [37m-->[39m [37mPOST[39m [37m/wd/hub/session/8e25f4a4-acdc-44cd-b370-6b15cbb2b8dc/elements[39m
[35m[HTTP][39m [90m{"using":"xpath","value":"//*[@class = 'android.widget.EditText' and @resource-id = 'com.solodroid.solomerce:id/userInputDialog' and (@text = '' or . = '')]"}[39m
[35m[HTTP][39m [37m<-- POST /wd/hub/session/8e25f4a4-acdc-44cd-b370-6b15cbb2b8dc/elements [39m[32m200[39m [90m70 ms - 139[39m
[35m[HTTP][39m [90m[39m
[35m[HTTP][39m [37m-->[39m [37mGET[39m [37m/wd/hub/session/8e25f4a4-acdc-44cd-b370-6b15cbb2b8dc/element/00000000-0000-0055-ffff-ffff00000119/location[39m
[35m[HTTP][39m [90m{}[39m
[35m[W3C (8e25f4a4)][39m Driver proxy active, passing request on via HTTP proxy
[35m[WD Proxy][39m Replacing sessionId 5b70b770-a9da-45cb-899b-f289e1ecc462 with 8e25f4a4-acdc-44cd-b370-6b15cbb2b8dc
[35m[HTTP][39m [37m<-- GET /wd/hub/session/8e25f4a4-acdc-44cd-b370-6b15cbb2b8dc/element/00000000-0000-0055-ffff-ffff00000119/location [39m[32m200[39m [90m37 ms - 79[39m
[35m[HTTP][39m [90m[39m
[35m[HTTP][39m [37m-->[39m [37mPOST[39m [37m/wd/hub/session/8e25f4a4-acdc-44cd-b370-6b15cbb2b8dc/element/00000000-0000-0055-ffff-ffff00000119/clear[39m
[35m[HTTP][39m [90m{"id":"00000000-0000-0055-ffff-ffff00000119"}[39m
[35m[HTTP][39m [37m<-- POST /wd/hub/session/8e25f4a4-acdc-44cd-b370-6b15cbb2b8dc/element/00000000-0000-0055-ffff-ffff00000119/clear [39m[32m200[39m [90m36 ms - 14[39m
[35m[HTTP][39m [90m[39m
[35m[HTTP][39m [37m-->[39m [37mPOST[39m [37m/wd/hub/session/8e25f4a4-acdc-44cd-b370-6b15cbb2b8dc/element/00000000-0000-0055-ffff-ffff00000119/value[39m
[35m[HTTP][39m [90m{"id":"00000000-0000-0055-ffff-ffff00000119","text":"2","value":["2"]}[39m
[35m[HTTP][39m [37m<-- POST /wd/hub/session/8e25f4a4-acdc-44cd-b370-6b15cbb2b8dc/element/00000000-0000-0055-ffff-ffff00000119/value [39m[32m200[39m [90m530 ms - 14[39m
[35m[HTTP][39m [90m[39m
[35m[HTTP][39m [37m-->[39m [37mGET[39m [37m/wd/hub/session/8e25f4a4-acdc-44cd-b370-6b15cbb2b8dc/source[39m
[35m[HTTP][39m [90m{}[39m
[35m[W3C (8e25f4a4)][39m Driver proxy active, passing request on via HTTP proxy
[35m[WD Proxy][39m Replacing sessionId 5b70b770-a9da-45cb-899b-f289e1ecc462 with 8e25f4a4-acdc-44cd-b370-6b15cbb2b8dc
[35m[HTTP][39m [37m<-- GET /wd/hub/session/8e25f4a4-acdc-44cd-b370-6b15cbb2b8dc/source [39m[32m200[39m [90m56 ms - 6052[39m
[35m[HTTP][39m [90m[39m
[35m[HTTP][39m [37m-->[39m [37mGET[39m [37m/wd/hub/session/8e25f4a4-acdc-44cd-b370-6b15cbb2b8dc/screenshot[39m
[35m[HTTP][39m [90m{}[39m
[35m[HTTP][39m [37m<-- GET /wd/hub/session/8e25f4a4-acdc-44cd-b370-6b15cbb2b8dc/screenshot [39m[32m200[39m [90m723 ms - 1010084[39m
[35m[HTTP][39m [90m[39m
[35m[HTTP][39m [37m-->[39m [37mPOST[39m [37m/wd/hub/session/8e25f4a4-acdc-44cd-b370-6b15cbb2b8dc/elements[39m
[35m[HTTP][39m [90m{"using":"xpath","value":"//*[@class = 'android.widget.Button' and (@text = 'ADD' or . = 'ADD') and @resource-id = 'android:id/button1']"}[39m
[35m[HTTP][39m [37m<-- POST /wd/hub/session/8e25f4a4-acdc-44cd-b370-6b15cbb2b8dc/elements [39m[32m200[39m [90m80 ms - 139[39m
[35m[HTTP][39m [90m[39m
[35m[HTTP][39m [37m-->[39m [37mGET[39m [37m/wd/hub/session/8e25f4a4-acdc-44cd-b370-6b15cbb2b8dc/window/rect[39m
[35m[HTTP][39m [90m{}[39m
[35m[HTTP][39m [37m<-- GET /wd/hub/session/8e25f4a4-acdc-44cd-b370-6b15cbb2b8dc/window/rect [39m[32m200[39m [90m17 ms - 50[39m
[35m[HTTP][39m [90m[39m
[35m[HTTP][39m [37m-->[39m [37mPOST[39m [37m/wd/hub/session/8e25f4a4-acdc-44cd-b370-6b15cbb2b8dc/elements[39m
[35m[HTTP][39m [90m{"using":"xpath","value":"//*[@class = 'android.widget.Button' and (@text = 'ADD' or . = 'ADD') and @resource-id = 'android:id/button1']"}[39m
[35m[HTTP][39m [37m<-- POST /wd/hub/session/8e25f4a4-acdc-44cd-b370-6b15cbb2b8dc/elements [39m[32m200[39m [90m56 ms - 139[39m
[35m[HTTP][39m [90m[39m
[35m[HTTP][39m [37m-->[39m [37mGET[39m [37m/wd/hub/session/8e25f4a4-acdc-44cd-b370-6b15cbb2b8dc/element/00000000-0000-0055-ffff-ffff0000011f/location[39m
[35m[HTTP][39m [90m{}[39m
[35m[W3C (8e25f4a4)][39m Driver proxy active, passing request on via HTTP proxy
[35m[WD Proxy][39m Replacing sessionId 5b70b770-a9da-45cb-899b-f289e1ecc462 with 8e25f4a4-acdc-44cd-b370-6b15cbb2b8dc
[35m[HTTP][39m [37m<-- GET /wd/hub/session/8e25f4a4-acdc-44cd-b370-6b15cbb2b8dc/element/00000000-0000-0055-ffff-ffff0000011f/location [39m[32m200[39m [90m24 ms - 79[39m
[35m[HTTP][39m [90m[39m
[35m[HTTP][39m [37m-->[39m [37mPOST[39m [37m/wd/hub/session/8e25f4a4-acdc-44cd-b370-6b15cbb2b8dc/touch/perform[39m
[35m[HTTP][39m [90m{"actions":[{"action":"tap","options":{"x":1,"y":1,"element":"00000000-0000-0055-ffff-ffff0000011f"}}]}[39m
[35m[UiAutomator2][39m calling get location: 00000000-0000-0055-ffff-ffff0000011f
[35m[HTTP][39m [37m<-- POST /wd/hub/session/8e25f4a4-acdc-44cd-b370-6b15cbb2b8dc/touch/perform [39m[32m200[39m [90m226 ms - 14[39m
[35m[HTTP][39m [90m[39m
[35m[HTTP][39m [37m-->[39m [37mGET[39m [37m/wd/hub/session/8e25f4a4-acdc-44cd-b370-6b15cbb2b8dc/source[39m
[35m[HTTP][39m [90m{}[39m
[35m[W3C (8e25f4a4)][39m Driver proxy active, passing request on via HTTP proxy
[35m[WD Proxy][39m Replacing sessionId 5b70b770-a9da-45cb-899b-f289e1ecc462 with 8e25f4a4-acdc-44cd-b370-6b15cbb2b8dc
[35m[HTTP][39m [37m<-- GET /wd/hub/session/8e25f4a4-acdc-44cd-b370-6b15cbb2b8dc/source [39m[32m200[39m [90m131 ms - 17450[39m
[35m[HTTP][39m [90m[39m
[35m[HTTP][39m [37m-->[39m [37mGET[39m [37m/wd/hub/session/8e25f4a4-acdc-44cd-b370-6b15cbb2b8dc/screenshot[39m
[35m[HTTP][39m [90m{}[39m
[35m[HTTP][39m [37m<-- GET /wd/hub/session/8e25f4a4-acdc-44cd-b370-6b15cbb2b8dc/screenshot [39m[32m200[39m [90m920 ms - 1534458[39m
[35m[HTTP][39m [90m[39m
[35m[HTTP][39m [37m-->[39m [37mPOST[39m [37m/wd/hub/session/8e25f4a4-acdc-44cd-b370-6b15cbb2b8dc/elements[39m
[35m[HTTP][39m [90m{"using":"xpath","value":"//*[@class = 'android.widget.ImageButton' and (@text = '' or . = '')]"}[39m
[35m[HTTP][39m [37m<-- POST /wd/hub/session/8e25f4a4-acdc-44cd-b370-6b15cbb2b8dc/elements [39m[32m200[39m [90m60 ms - 139[39m
[35m[HTTP][39m [90m[39m
[35m[HTTP][39m [37m-->[39m [37mGET[39m [37m/wd/hub/session/8e25f4a4-acdc-44cd-b370-6b15cbb2b8dc/window/rect[39m
[35m[HTTP][39m [90m{}[39m
[35m[HTTP][39m [37m<-- GET /wd/hub/session/8e25f4a4-acdc-44cd-b370-6b15cbb2b8dc/window/rect [39m[32m200[39m [90m16 ms - 50[39m
[35m[HTTP][39m [90m[39m
[35m[HTTP][39m [37m-->[39m [37mPOST[39m [37m/wd/hub/session/8e25f4a4-acdc-44cd-b370-6b15cbb2b8dc/elements[39m
[35m[HTTP][39m [90m{"using":"xpath","value":"//*[@class = 'android.widget.ImageButton' and (@text = '' or . = '')]"}[39m
[35m[HTTP][39m [37m<-- POST /wd/hub/session/8e25f4a4-acdc-44cd-b370-6b15cbb2b8dc/elements [39m[32m200[39m [90m61 ms - 139[39m
[35m[HTTP][39m [90m[39m
[35m[HTTP][39m [37m-->[39m [37mGET[39m [37m/wd/hub/session/8e25f4a4-acdc-44cd-b370-6b15cbb2b8dc/element/00000000-0000-0054-ffff-ffff000000f1/location[39m
[35m[HTTP][39m [90m{}[39m
[35m[W3C (8e25f4a4)][39m Driver proxy active, passing request on via HTTP proxy
[35m[WD Proxy][39m Replacing sessionId 5b70b770-a9da-45cb-899b-f289e1ecc462 with 8e25f4a4-acdc-44cd-b370-6b15cbb2b8dc
[35m[HTTP][39m [37m<-- GET /wd/hub/session/8e25f4a4-acdc-44cd-b370-6b15cbb2b8dc/element/00000000-0000-0054-ffff-ffff000000f1/location [39m[32m200[39m [90m25 ms - 75[39m
[35m[HTTP][39m [90m[39m
[35m[HTTP][39m [37m-->[39m [37mPOST[39m [37m/wd/hub/session/8e25f4a4-acdc-44cd-b370-6b15cbb2b8dc/touch/perform[39m
[35m[HTTP][39m [90m{"actions":[{"action":"tap","options":{"x":1,"y":1,"element":"00000000-0000-0054-ffff-ffff000000f1"}}]}[39m
[35m[UiAutomator2][39m calling get location: 00000000-0000-0054-ffff-ffff000000f1
[35m[HTTP][39m [37m<-- POST /wd/hub/session/8e25f4a4-acdc-44cd-b370-6b15cbb2b8dc/touch/perform [39m[32m200[39m [90m181 ms - 14[39m
[35m[HTTP][39m [90m[39m
[35m[HTTP][39m [37m-->[39m [37mGET[39m [37m/wd/hub/session/8e25f4a4-acdc-44cd-b370-6b15cbb2b8dc/source[39m
[35m[HTTP][39m [90m{}[39m
[35m[W3C (8e25f4a4)][39m Driver proxy active, passing request on via HTTP proxy
[35m[WD Proxy][39m Replacing sessionId 5b70b770-a9da-45cb-899b-f289e1ecc462 with 8e25f4a4-acdc-44cd-b370-6b15cbb2b8dc
[35m[HTTP][39m [37m<-- GET /wd/hub/session/8e25f4a4-acdc-44cd-b370-6b15cbb2b8dc/source [39m[32m200[39m [90m162 ms - 34096[39m
[35m[HTTP][39m [90m[39m
[35m[HTTP][39m [37m-->[39m [37mGET[39m [37m/wd/hub/session/8e25f4a4-acdc-44cd-b370-6b15cbb2b8dc/screenshot[39m
[35m[HTTP][39m [90m{}[39m
[35m[HTTP][39m [37m<-- GET /wd/hub/session/8e25f4a4-acdc-44cd-b370-6b15cbb2b8dc/screenshot [39m[32m200[39m [90m1076 ms - 1973454[39m
[35m[HTTP][39m [90m[39m
[35m[HTTP][39m [37m-->[39m [37mDELETE[39m [37m/wd/hub/session/8e25f4a4-acdc-44cd-b370-6b15cbb2b8dc[39m
[35m[HTTP][39m [90m{}[39m
[35m[Appium][39m Removing session 8e25f4a4-acdc-44cd-b370-6b15cbb2b8dc from our master session list
[35m[UiAutomator2][39m Restoring hidden api policy to the device default configuration
[35m[HTTP][39m [37m<-- DELETE /wd/hub/session/8e25f4a4-acdc-44cd-b370-6b15cbb2b8dc [39m[32m200[39m [90m388 ms - 14[39m
[35m[HTTP][39m [90m[39m
